# JRE version: Java(TM) SE Runtime Environment (8.0_101-b13) (build 1.8.0_101-b13)
# Java VM: Java HotSpot(TM) 64-Bit Server VM (25.101-b13 mixed mode windows-amd64 compressed oops)
Heap:
 PSYoungGen      total 38400K, used 30697K [0x00000000d5d00000, 0x00000000d8780000, 0x0000000100000000)
  eden space 33280K, 92% used [0x00000000d5d00000,0x00000000d7afa7e0,0x00000000d7d80000)
  from space 5120K, 0% used [0x00000000d8280000,0x00000000d8280000,0x00000000d8780000)
  to   space 5120K, 0% used [0x00000000d7d80000,0x00000000d7d80000,0x00000000d8280000)
 ParOldGen       total 87552K, used 40392K [0x0000000081600000, 0x0000000086b80000, 0x00000000d5d00000)
  object space 87552K, 46% used [0x0000000081600000,0x0000000083d72330,0x0000000086b80000)
 Metaspace       used 12341K, capacity 12544K, committed 12800K, reserved 1060864K
  class space    used 1641K, capacity 1722K, committed 1792K, reserved 1048576K
GC Heap History (8 events):
Event: 0.777 GC heap before
{Heap before GC invocations=1 (full 0):
 PSYoungGen      total 38400K, used 33280K [0x00000000d5d00000, 0x00000000d8780000, 0x0000000100000000)
  eden space 33280K, 100% used [0x00000000d5d00000,0x00000000d7d80000,0x00000000d7d80000)
  from space 5120K, 0% used [0x00000000d8280000,0x00000000d8280000,0x00000000d8780000)
  to   space 5120K, 0% used [0x00000000d7d80000,0x00000000d7d80000,0x00000000d8280000)
 ParOldGen       total 87552K, used 0K [0x0000000081600000, 0x0000000086b80000, 0x00000000d5d00000)
  object space 87552K, 0% used [0x0000000081600000,0x0000000081600000,0x0000000086b80000)
 Metaspace       used 7395K, capacity 7550K, committed 7680K, reserved 1056768K
  class space    used 883K, capacity 960K, committed 1024K, reserved 1048576K
Event: 0.792 GC heap after
Heap after GC invocations=1 (full 0):
 PSYoungGen      total 38400K, used 1168K [0x00000000d5d00000, 0x00000000d8780000, 0x0000000100000000)
  eden space 33280K, 0% used [0x00000000d5d00000,0x00000000d5d00000,0x00000000d7d80000)
  from space 5120K, 22% used [0x00000000d7d80000,0x00000000d7ea4010,0x00000000d8280000)
  to   space 5120K, 0% used [0x00000000d8280000,0x00000000d8280000,0x00000000d8780000)
 ParOldGen       total 87552K, used 58620K [0x0000000081600000, 0x0000000086b80000, 0x00000000d5d00000)
  object space 87552K, 66% used [0x0000000081600000,0x0000000084f3f230,0x0000000086b80000)
 Metaspace       used 7395K, capacity 7550K, committed 7680K, reserved 1056768K
  class space    used 883K, capacity 960K, committed 1024K, reserved 1048576K
}
Event: 0.792 GC heap before
{Heap before GC invocations=2 (full 1):
 PSYoungGen      total 38400K, used 1168K [0x00000000d5d00000, 0x00000000d8780000, 0x0000000100000000)
  eden space 33280K, 0% used [0x00000000d5d00000,0x00000000d5d00000,0x00000000d7d80000)
  from space 5120K, 22% used [0x00000000d7d80000,0x00000000d7ea4010,0x00000000d8280000)
  to   space 5120K, 0% used [0x00000000d8280000,0x00000000d8280000,0x00000000d8780000)
 ParOldGen       total 87552K, used 58620K [0x0000000081600000, 0x0000000086b80000, 0x00000000d5d00000)
  object space 87552K, 66% used [0x0000000081600000,0x0000000084f3f230,0x0000000086b80000)
 Metaspace       used 7395K, capacity 7550K, committed 7680K, reserved 1056768K
  class space    used 883K, capacity 960K, committed 1024K, reserved 1048576K
Event: 0.803 GC heap after
Heap after GC invocations=2 (full 1):
 PSYoungGen      total 38400K, used 0K [0x00000000d5d00000, 0x00000000d8780000, 0x0000000100000000)
  eden space 33280K, 0% used [0x00000000d5d00000,0x00000000d5d00000,0x00000000d7d80000)
  from space 5120K, 0% used [0x00000000d7d80000,0x00000000d7d80000,0x00000000d8280000)
  to   space 5120K, 0% used [0x00000000d8280000,0x00000000d8280000,0x00000000d8780000)
 ParOldGen       total 87552K, used 20623K [0x0000000081600000, 0x0000000086b80000, 0x00000000d5d00000)
  object space 87552K, 23% used [0x0000000081600000,0x0000000082a23cf8,0x0000000086b80000)
 Metaspace       used 7395K, capacity 7550K, committed 7680K, reserved 1056768K
  class space    used 883K, capacity 960K, committed 1024K, reserved 1048576K
}
Event: 0.880 GC heap before
{Heap before GC invocations=3 (full 1):
 PSYoungGen      total 38400K, used 33280K [0x00000000d5d00000, 0x00000000d8780000, 0x0000000100000000)
  eden space 33280K, 100% used [0x00000000d5d00000,0x00000000d7d80000,0x00000000d7d80000)
  from space 5120K, 0% used [0x00000000d7d80000,0x00000000d7d80000,0x00000000d8280000)
  to   space 5120K, 0% used [0x00000000d8280000,0x00000000d8280000,0x00000000d8780000)
 ParOldGen       total 87552K, used 20623K [0x0000000081600000, 0x0000000086b80000, 0x00000000d5d00000)
  object space 87552K, 23% used [0x0000000081600000,0x0000000082a23cf8,0x0000000086b80000)
 Metaspace       used 8053K, capacity 8228K, committed 8576K, reserved 1056768K
  class space    used 973K, capacity 1058K, committed 1152K, reserved 1048576K
Event: 0.894 GC heap after
Heap after GC invocations=3 (full 1):
 PSYoungGen      total 38400K, used 288K [0x00000000d5d00000, 0x00000000d8780000, 0x0000000100000000)
  eden space 33280K, 0% used [0x00000000d5d00000,0x00000000d5d00000,0x00000000d7d80000)
  from space 5120K, 5% used [0x00000000d8280000,0x00000000d82c8000,0x00000000d8780000)
  to   space 5120K, 0% used [0x00000000d7d80000,0x00000000d7d80000,0x00000000d8280000)
 ParOldGen       total 87552K, used 79243K [0x0000000081600000, 0x0000000086b80000, 0x00000000d5d00000)
  object space 87552K, 90% used [0x0000000081600000,0x0000000086362f28,0x0000000086b80000)
 Metaspace       used 8053K, capacity 8228K, committed 8576K, reserved 1056768K
  class space    used 973K, capacity 1058K, committed 1152K, reserved 1048576K
}
Event: 0.894 GC heap before
{Heap before GC invocations=4 (full 2):
 PSYoungGen      total 38400K, used 288K [0x00000000d5d00000, 0x00000000d8780000, 0x0000000100000000)
  eden space 33280K, 0% used [0x00000000d5d00000,0x00000000d5d00000,0x00000000d7d80000)
  from space 5120K, 5% used [0x00000000d8280000,0x00000000d82c8000,0x00000000d8780000)
  to   space 5120K, 0% used [0x00000000d7d80000,0x00000000d7d80000,0x00000000d8280000)
 ParOldGen       total 87552K, used 79243K [0x0000000081600000, 0x0000000086b80000, 0x00000000d5d00000)
  object space 87552K, 90% used [0x0000000081600000,0x0000000086362f28,0x0000000086b80000)
 Metaspace       used 8053K, capacity 8228K, committed 8576K, reserved 1056768K
  class space    used 973K, capacity 1058K, committed 1152K, reserved 1048576K
Event: 0.904 GC heap after
Heap after GC invocations=4 (full 2):
 PSYoungGen      total 38400K, used 0K [0x00000000d5d00000, 0x00000000d8780000, 0x0000000100000000)
  eden space 33280K, 0% used [0x00000000d5d00000,0x00000000d5d00000,0x00000000d7d80000)
  from space 5120K, 0% used [0x00000000d8280000,0x00000000d8280000,0x00000000d8780000)
  to   space 5120K, 0% used [0x00000000d7d80000,0x00000000d7d80000,0x00000000d8280000)
 ParOldGen       total 87552K, used 40392K [0x0000000081600000, 0x0000000086b80000, 0x00000000d5d00000)
  object space 87552K, 46% used [0x0000000081600000,0x0000000083d72330,0x0000000086b80000)
 Metaspace       used 8053K, capacity 8228K, committed 8576K, reserved 1056768K
  class space    used 973K, capacity 1058K, committed 1152K, reserved 1048576K
}

